[12:52:26] [ServerMain/INFO]: Environment: authHost='https://authserver.mojang.com', accountsHost='https://api.mojang.com', sessionHost='https://sessionserver.mojang.com', servicesHost='https://api.minecraftservices.com', name='PROD'
[12:52:28] [ServerMain/INFO]: Loaded 7 recipes
[12:52:29] [Server thread/INFO]: Starting minecraft server version 1.20.1
[12:52:29] [Server thread/INFO]: Loading properties
[12:52:29] [Server thread/INFO]: This server is running Paper version git-Paper-196 (MC: 1.20.1) (Implementing API version 1.20.1-R0.1-SNAPSHOT) (Git: 773dd72)
[12:52:31] [Server thread/INFO]: Server Ping Player Sample Count: 12
[12:52:31] [Server thread/INFO]: Using 4 threads for Netty based IO
[12:52:31] [Server thread/WARN]: [!] The timings profiler has been enabled but has been scheduled for removal from Paper in the future.
    We recommend installing the spark profiler as a replacement: https://spark.lucko.me/
    For more information please visit: https://github.com/PaperMC/Paper/issues/8948
[12:52:31] [Server thread/INFO]: [ChunkTaskScheduler] Chunk system is using 1 I/O threads, 1 worker threads, and gen parallelism of 1 threads
[12:52:31] [Server thread/INFO]: Default game type: SURVIVAL
[12:52:31] [Server thread/INFO]: Generating keypair
[12:52:31] [Server thread/INFO]: Starting Minecraft server on *:25565
[12:52:31] [Server thread/INFO]: Using epoll channel type
[12:52:31] [Server thread/INFO]: Paper: Using libdeflate (Linux x86_64) compression from Velocity.
[12:52:31] [Server thread/INFO]: Paper: Using OpenSSL 1.1.x (Linux x86_64) cipher from Velocity.
[12:52:32] [Server thread/INFO]: [Essentials] Loading server plugin Essentials v2.21.0-dev+22-bb7b334
[12:52:32] [Server thread/INFO]: [EssentialsSpawn] Loading server plugin EssentialsSpawn v2.21.0-dev+22-bb7b334
[12:52:32] [Server thread/INFO]: [EssentialsChat] Loading server plugin EssentialsChat v2.21.0-dev+22-bb7b334
[12:52:32] [Server thread/INFO]: Server permissions file permissions.yml is empty, ignoring it
[12:52:32] [Server thread/INFO]: Preparing level "world"
[12:52:33] [Server thread/INFO]: Preparing start region for dimension minecraft:overworld
[12:52:33] [Server thread/INFO]: Time elapsed: 512 ms
[12:52:33] [Server thread/INFO]: Preparing start region for dimension minecraft:the_nether
[12:52:34] [Server thread/INFO]: Time elapsed: 188 ms
[12:52:34] [Server thread/INFO]: Preparing start region for dimension minecraft:the_end
[12:52:34] [Server thread/INFO]: Time elapsed: 132 ms
[12:52:34] [Server thread/INFO]: [Essentials] Enabling Essentials v2.21.0-dev+22-bb7b334
[12:52:34] [Server thread/ERROR]: [Essentials] You are running an unsupported server version!
[12:52:34] [Server thread/INFO]: [Essentials] Creating config from template: plugins/Essentials/config.yml
[12:52:35] [Server thread/WARN]: [Essentials] Missing userdata folder, aborting
[12:52:35] [Server thread/INFO]: [Essentials] Creating config from template: plugins/Essentials/kits.yml
[12:52:35] [Server thread/INFO]: [Essentials] Attempting to convert old kits in config.yml to new kits.yml
[12:52:35] [Server thread/INFO]: [Essentials] No kits found to migrate.
[12:52:35] [Server thread/INFO]: [Essentials] Starting Essentials ban format conversion
[12:52:35] [Server thread/INFO]: [Essentials] Attempting to migrate ignore list to UUIDs
[12:52:35] [Server thread/INFO]: [Essentials] Attempting to migrate legacy userdata keys to Configurate
[12:52:35] [Server thread/INFO]: [Essentials] Creating config from template: plugins/Essentials/worth.yml
[12:52:35] [Server thread/INFO]: [Essentials] Creating config from template: plugins/Essentials/tpr.yml
[12:52:36] [Server thread/INFO]: [Essentials] Loaded 39094 items from items.json.
[12:52:36] [Server thread/INFO]: [Essentials] Creating config from template: plugins/Essentials/custom_items.yml
[12:52:36] [Server thread/INFO]: [Essentials] Using locale en
[12:52:36] [Server thread/INFO]: [Essentials] ServerListPingEvent: Spigot iterator API
[12:52:36] [Server thread/INFO]: [Essentials] Starting Metrics. Opt-out using the global bStats config.
[12:52:36] [Server thread/INFO]: [Essentials] Using superperms-based permissions.
[12:52:36] [Server thread/INFO]: [EssentialsSpawn] Enabling EssentialsSpawn v2.21.0-dev+22-bb7b334
[12:52:36] [Server thread/INFO]: [EssentialsSpawn] Starting Metrics. Opt-out using the global bStats config.
[12:52:36] [Server thread/INFO]: [EssentialsChat] Enabling EssentialsChat v2.21.0-dev+22-bb7b334
[12:52:36] [Server thread/INFO]: [EssentialsChat] Starting Metrics. Opt-out using the global bStats config.
[12:52:37] [Server thread/INFO]: Running delayed init tasks
[12:52:37] [Server thread/INFO]: Done (7.333s)! For help, type "help"
[12:52:37] [Server thread/INFO]: Timings Reset
[12:52:37] [Craft Scheduler Thread - 3 - Essentials/INFO]: [Essentials] Fetching version information...
[12:53:05] [Server thread/INFO]: Server Plugins (3):
[12:53:05] [Server thread/INFO]: Bukkit Plugins:
[12:53:05] [Server thread/INFO]:  - Essentials, EssentialsChat, EssentialsSpawn
[12:55:01] [Server thread/INFO]: Stopping server
[12:55:01] [Server thread/INFO]: [EssentialsChat] Disabling EssentialsChat v2.21.0-dev+22-bb7b334
[12:55:01] [Server thread/INFO]: [EssentialsSpawn] Disabling EssentialsSpawn v2.21.0-dev+22-bb7b334
[12:55:01] [Server thread/INFO]: [Essentials] Disabling Essentials v2.21.0-dev+22-bb7b334
[12:55:01] [Server thread/INFO]: Saving players
[12:55:01] [Server thread/INFO]: Saving worlds
[12:55:01] [Server thread/INFO]: Saving chunks for level 'ServerLevel[world]'/minecraft:overworld
[12:55:01] [Server thread/INFO]: [ChunkHolderManager] Waiting 60s for chunk system to halt for world 'world'
[12:55:01] [Server thread/INFO]: [ChunkHolderManager] Halted chunk system for world 'world'
[12:55:01] [Server thread/INFO]: [ChunkHolderManager] Saving all chunkholders for world 'world'
[12:55:04] [Server thread/INFO]: [ChunkHolderManager] Saved 2025 block chunks, 529 entity chunks, 0 poi chunks in world 'world' in 2.96s
[12:55:05] [Server thread/INFO]: ThreadedAnvilChunkStorage (world): All chunks are saved
[12:55:05] [Server thread/INFO]: Saving chunks for level 'ServerLevel[world_nether]'/minecraft:the_nether
[12:55:05] [Server thread/INFO]: [ChunkHolderManager] Waiting 60s for chunk system to halt for world 'world_nether'
[12:55:05] [Server thread/INFO]: [ChunkHolderManager] Halted chunk system for world 'world_nether'
[12:55:05] [Server thread/INFO]: [ChunkHolderManager] Saving all chunkholders for world 'world_nether'
[12:55:06] [Server thread/INFO]: [ChunkHolderManager] Saved 2025 block chunks, 529 entity chunks, 0 poi chunks in world 'world_nether' in 1.64s
[12:55:06] [Server thread/INFO]: ThreadedAnvilChunkStorage (DIM-1): All chunks are saved
[12:55:06] [Server thread/INFO]: Saving chunks for level 'ServerLevel[world_the_end]'/minecraft:the_end
[12:55:06] [Server thread/INFO]: [ChunkHolderManager] Waiting 60s for chunk system to halt for world 'world_the_end'
[12:55:06] [Server thread/INFO]: [ChunkHolderManager] Halted chunk system for world 'world_the_end'
[12:55:06] [Server thread/INFO]: [ChunkHolderManager] Saving all chunkholders for world 'world_the_end'
[12:55:07] [Server thread/INFO]: [ChunkHolderManager] Saved 529 block chunks, 529 entity chunks, 0 poi chunks in world 'world_the_end' in 0.32s
[12:55:07] [Server thread/INFO]: ThreadedAnvilChunkStorage (DIM1): All chunks are saved
[12:55:07] [Server thread/INFO]: ThreadedAnvilChunkStorage: All dimensions are saved
[12:55:07] [Server thread/INFO]: Flushing Chunk IO
[12:55:07] [Server thread/INFO]: Closing Thread Pool
[12:55:07] [Server thread/INFO]: Closing Server
